[2024-07-04 17:09:54.616] [info] [console_user_server] version 14.13.0
[2024-07-04 17:09:54.732] [info] [console_user_server] on_console_changed: on_console:true
[2024-07-04 17:09:54.732] [info] [console_user_server] grabber_client is started.
[2024-07-04 17:09:54.732] [error] [console_user_server] grabber_client connect_failed: No such file or directory
[2024-07-04 17:09:55.801] [error] [console_user_server] grabber_client connect_failed: No such file or directory
[2024-07-04 17:09:56.868] [error] [console_user_server] grabber_client connect_failed: No such file or directory
[2024-07-04 17:09:57.939] [error] [console_user_server] grabber_client connect_failed: No such file or directory
[2024-07-04 17:09:59.014] [error] [console_user_server] grabber_client connect_failed: No such file or directory
[2024-07-04 17:10:00.093] [error] [console_user_server] grabber_client connect_failed: No such file or directory
[2024-07-04 17:10:01.163] [error] [console_user_server] grabber_client connect_failed: No such file or directory
[2024-07-04 17:10:02.231] [error] [console_user_server] grabber_client connect_failed: No such file or directory
[2024-07-04 17:10:03.301] [error] [console_user_server] grabber_client connect_failed: No such file or directory
[2024-07-04 17:10:04.376] [error] [console_user_server] grabber_client connect_failed: No such file or directory
[2024-07-04 17:10:05.442] [error] [console_user_server] grabber_client connect_failed: No such file or directory
[2024-07-04 17:10:06.504] [error] [console_user_server] grabber_client connect_failed: No such file or directory
[2024-07-04 17:10:07.575] [error] [console_user_server] grabber_client connect_failed: No such file or directory
[2024-07-04 17:10:08.621] [info] [console_user_server] grabber_client is connected.
[2024-07-04 17:10:08.758] [info] [console_user_server] core_configuration is updated.
[2024-07-04 17:10:38.880] [info] [console_user_server] Check for updates...
[2024-07-04 17:47:30.499] [info] [console_user_server] Load /Users/pastrysweet/.config/karabiner/karabiner.json...
[2024-07-04 17:47:30.501] [info] [console_user_server] core_configuration is updated.
[2024-07-04 17:57:31.401] [info] [console_user_server] Load /Users/pastrysweet/.config/karabiner/karabiner.json...
[2024-07-04 17:57:31.406] [info] [console_user_server] core_configuration is updated.
[2024-07-04 18:02:23.983] [info] [console_user_server] Load /Users/pastrysweet/.config/karabiner/karabiner.json...
[2024-07-04 18:02:23.994] [info] [console_user_server] core_configuration is updated.
[2024-07-04 18:02:43.462] [info] [console_user_server] Load /Users/pastrysweet/.config/karabiner/karabiner.json...
[2024-07-04 18:02:43.465] [info] [console_user_server] core_configuration is updated.
[2024-07-05 19:59:56.080] [info] [console_user_server] Load /Users/pastrysweet/.config/karabiner/karabiner.json...
[2024-07-05 19:59:56.086] [info] [console_user_server] core_configuration is updated.
[2024-07-05 20:01:12.059] [info] [console_user_server] Load /Users/pastrysweet/.config/karabiner/karabiner.json...
[2024-07-05 20:01:12.063] [info] [console_user_server] core_configuration is updated.
[2024-07-05 20:01:39.465] [info] [console_user_server] Load /Users/pastrysweet/.config/karabiner/karabiner.json...
[2024-07-05 20:01:39.474] [info] [console_user_server] core_configuration is updated.
[2024-07-05 20:01:57.037] [info] [console_user_server] Load /Users/pastrysweet/.config/karabiner/karabiner.json...
[2024-07-05 20:01:57.041] [info] [console_user_server] core_configuration is updated.
[2024-07-07 21:22:28.981] [info] [console_user_server] Load /Users/pastrysweet/.config/karabiner/karabiner.json...
[2024-07-07 21:22:28.984] [info] [console_user_server] core_configuration is updated.
[2024-07-07 23:14:45.602] [info] [console_user_server] Load /Users/pastrysweet/.config/karabiner/karabiner.json...
[2024-07-07 23:14:45.608] [info] [console_user_server] core_configuration is updated.
[2024-07-07 23:15:04.208] [info] [console_user_server] Load /Users/pastrysweet/.config/karabiner/karabiner.json...
[2024-07-07 23:15:04.212] [info] [console_user_server] core_configuration is updated.
[2024-07-07 23:19:22.204] [info] [console_user_server] Load /Users/pastrysweet/.config/karabiner/karabiner.json...
[2024-07-07 23:19:22.208] [info] [console_user_server] core_configuration is updated.
[2024-07-07 23:19:49.481] [info] [console_user_server] Load /Users/pastrysweet/.config/karabiner/karabiner.json...
[2024-07-07 23:19:49.487] [info] [console_user_server] core_configuration is updated.
[2024-07-07 23:22:30.605] [info] [console_user_server] Load /Users/pastrysweet/.config/karabiner/karabiner.json...
[2024-07-07 23:22:30.610] [info] [console_user_server] core_configuration is updated.
[2024-07-07 23:27:17.297] [info] [console_user_server] Load /Users/pastrysweet/.config/karabiner/karabiner.json...
[2024-07-07 23:27:17.301] [info] [console_user_server] core_configuration is updated.
[2024-07-10 15:36:27.580] [info] [console_user_server] version 14.13.0
[2024-07-10 15:51:31.423] [info] [console_user_server] on_console_changed: on_console:true
[2024-07-10 15:51:31.424] [info] [console_user_server] grabber_client is started.
[2024-07-10 15:51:31.424] [info] [console_user_server] grabber_client is connected.
[2024-07-10 15:52:04.645] [info] [console_user_server] Load /Users/pastrysweet/.config/karabiner/karabiner.json...
[2024-07-10 15:52:04.645] [info] [console_user_server] core_configuration is updated.
[2024-07-10 15:52:35.228] [info] [console_user_server] Check for updates...
[2024-07-15 20:09:09.176] [info] [console_user_server] Load /Users/pastrysweet/.config/karabiner/karabiner.json...
[2024-07-15 20:09:09.179] [info] [console_user_server] core_configuration is updated.
